0 info it worked if it ends with ok
1 verbose cli [ '/usr/bin/node', '/usr/bin/npm', 'run-script', 'test' ]
2 info using npm@2.9.1
3 info using node@v0.12.3
4 verbose node symlink /usr/bin/node
5 verbose run-script [ 'pretest', 'test', 'posttest' ]
6 info pretest solr-client@0.5.0
7 info test solr-client@0.5.0
8 verbose unsafe-perm in lifecycle true
9 info solr-client@0.5.0 Failed to exec test script
10 verbose stack Error: solr-client@0.5.0 test: `./node_modules/mocha/bin/mocha -R spec test/*-test.js && ./node_modules/mocha/bin/mocha -R spec test/*-test.js --client.bigint=true`
10 verbose stack Exit status 74
10 verbose stack     at EventEmitter.<anonymous> (/usr/lib/node_modules/npm/lib/utils/lifecycle.js:213:16)
10 verbose stack     at EventEmitter.emit (events.js:110:17)
10 verbose stack     at ChildProcess.<anonymous> (/usr/lib/node_modules/npm/lib/utils/spawn.js:24:14)
10 verbose stack     at ChildProcess.emit (events.js:110:17)
10 verbose stack     at maybeClose (child_process.js:1015:16)
10 verbose stack     at Process.ChildProcess._handle.onexit (child_process.js:1087:5)
11 verbose pkgid solr-client@0.5.0
12 verbose cwd /home/bsui/workspace/github/solr-node-client
13 error Linux 3.13.0-43-generic
14 error argv "/usr/bin/node" "/usr/bin/npm" "run-script" "test"
15 error node v0.12.3
16 error npm  v2.9.1
17 error code ELIFECYCLE
18 error solr-client@0.5.0 test: `./node_modules/mocha/bin/mocha -R spec test/*-test.js && ./node_modules/mocha/bin/mocha -R spec test/*-test.js --client.bigint=true`
18 error Exit status 74
19 error Failed at the solr-client@0.5.0 test script './node_modules/mocha/bin/mocha -R spec test/*-test.js && ./node_modules/mocha/bin/mocha -R spec test/*-test.js --client.bigint=true'.
19 error This is most likely a problem with the solr-client package,
19 error not with npm itself.
19 error Tell the author that this fails on your system:
19 error     ./node_modules/mocha/bin/mocha -R spec test/*-test.js && ./node_modules/mocha/bin/mocha -R spec test/*-test.js --client.bigint=true
19 error You can get their info via:
19 error     npm owner ls solr-client
19 error There is likely additional logging output above.
20 verbose exit [ 1, true ]
